<?xml version="1.0" encoding="UTF-8"?>
<testsuite xmlns:xsi="http://www.w3.org/2001/XMLSchema-instance" xsi:noNamespaceSchemaLocation="https://maven.apache.org/surefire/maven-surefire-plugin/xsd/surefire-test-report-3.0.xsd" version="3.0" name="org.test.CommonCardDiagonalTest" time="0.058" tests="5" errors="0" skipped="0" failures="0">
  <properties>
    <property name="java.specification.version" value="20"/>
    <property name="sun.cpu.isalist" value="amd64"/>
    <property name="sun.jnu.encoding" value="Cp1252"/>
    <property name="java.class.path" value="C:\Users\POLIMI\Documents\GitHub\ing-sw-2023-paganini-tommasi-russo-porfiri\target\test-classes;C:\Users\POLIMI\.m2\repository\org\openjfx\javafx-controls\20\javafx-controls-20.jar;C:\Users\POLIMI\.m2\repository\org\openjfx\javafx-graphics\20\javafx-graphics-20.jar;C:\Users\POLIMI\.m2\repository\org\openjfx\javafx-fxml\20\javafx-fxml-20.jar;C:\Users\POLIMI\.m2\repository\org\openjfx\javafx-base\20\javafx-base-20.jar;C:\Users\POLIMI\.m2\repository\org\openjfx\javafx-web\20\javafx-web-20.jar;C:\Users\POLIMI\.m2\repository\org\openjfx\javafx-media\20\javafx-media-20.jar;C:\Users\POLIMI\.m2\repository\org\jetbrains\annotations\13.0\annotations-13.0.jar;C:\Users\POLIMI\.m2\repository\org\jetbrains\kotlin\kotlin-stdlib-common\1.6.0\kotlin-stdlib-common-1.6.0.jar;C:\Users\POLIMI\.m2\repository\org\json\json\20230227\json-20230227.jar;C:\Users\POLIMI\.m2\repository\org\junit\jupiter\junit-jupiter-api\5.9.3\junit-jupiter-api-5.9.3.jar;C:\Users\POLIMI\.m2\repository\org\opentest4j\opentest4j\1.2.0\opentest4j-1.2.0.jar;C:\Users\POLIMI\.m2\repository\org\junit\platform\junit-platform-commons\1.9.3\junit-platform-commons-1.9.3.jar;C:\Users\POLIMI\.m2\repository\org\apiguardian\apiguardian-api\1.1.2\apiguardian-api-1.1.2.jar;C:\Users\POLIMI\.m2\repository\org\junit\jupiter\junit-jupiter-engine\5.9.2\junit-jupiter-engine-5.9.2.jar;C:\Users\POLIMI\.m2\repository\org\junit\platform\junit-platform-engine\1.9.2\junit-platform-engine-1.9.2.jar;C:\Users\POLIMI\.m2\repository\org\hamcrest\hamcrest-core\1.3\hamcrest-core-1.3.jar;"/>
    <property name="java.vm.vendor" value="Oracle Corporation"/>
    <property name="sun.arch.data.model" value="64"/>
    <property name="user.variant" value=""/>
    <property name="java.vendor.url" value="https://java.oracle.com/"/>
    <property name="user.timezone" value="Europe/Rome"/>
    <property name="os.name" value="Windows 10"/>
    <property name="java.vm.specification.version" value="20"/>
    <property name="sun.java.launcher" value="SUN_STANDARD"/>
    <property name="user.country" value="IT"/>
    <property name="sun.boot.library.path" value="C:\Program Files\Java\jdk-20\bin"/>
    <property name="sun.java.command" value="org.apache.maven.surefire.booter.ForkedBooter C:\Users\POLIMI\AppData\Local\Temp\surefire1010042851676586105 2023-07-01T23-37-28_487-jvmRun1 surefire-20230701233729826_1tmp surefire_0-20230701233729826_2tmp"/>
    <property name="jdk.debug" value="release"/>
    <property name="surefire.test.class.path" value="C:\Users\POLIMI\Documents\GitHub\ing-sw-2023-paganini-tommasi-russo-porfiri\target\test-classes;C:\Users\POLIMI\.m2\repository\org\openjfx\javafx-controls\20\javafx-controls-20.jar;C:\Users\POLIMI\.m2\repository\org\openjfx\javafx-graphics\20\javafx-graphics-20.jar;C:\Users\POLIMI\.m2\repository\org\openjfx\javafx-fxml\20\javafx-fxml-20.jar;C:\Users\POLIMI\.m2\repository\org\openjfx\javafx-base\20\javafx-base-20.jar;C:\Users\POLIMI\.m2\repository\org\openjfx\javafx-web\20\javafx-web-20.jar;C:\Users\POLIMI\.m2\repository\org\openjfx\javafx-media\20\javafx-media-20.jar;C:\Users\POLIMI\.m2\repository\org\jetbrains\annotations\13.0\annotations-13.0.jar;C:\Users\POLIMI\.m2\repository\org\jetbrains\kotlin\kotlin-stdlib-common\1.6.0\kotlin-stdlib-common-1.6.0.jar;C:\Users\POLIMI\.m2\repository\org\json\json\20230227\json-20230227.jar;C:\Users\POLIMI\.m2\repository\org\junit\jupiter\junit-jupiter-api\5.9.3\junit-jupiter-api-5.9.3.jar;C:\Users\POLIMI\.m2\repository\org\opentest4j\opentest4j\1.2.0\opentest4j-1.2.0.jar;C:\Users\POLIMI\.m2\repository\org\junit\platform\junit-platform-commons\1.9.3\junit-platform-commons-1.9.3.jar;C:\Users\POLIMI\.m2\repository\org\apiguardian\apiguardian-api\1.1.2\apiguardian-api-1.1.2.jar;C:\Users\POLIMI\.m2\repository\org\junit\jupiter\junit-jupiter-engine\5.9.2\junit-jupiter-engine-5.9.2.jar;C:\Users\POLIMI\.m2\repository\org\junit\platform\junit-platform-engine\1.9.2\junit-platform-engine-1.9.2.jar;C:\Users\POLIMI\.m2\repository\org\hamcrest\hamcrest-core\1.3\hamcrest-core-1.3.jar;"/>
    <property name="sun.cpu.endian" value="little"/>
    <property name="user.home" value="C:\Users\POLIMI"/>
    <property name="user.language" value="it"/>
    <property name="java.specification.vendor" value="Oracle Corporation"/>
    <property name="jdk.module.path" value="C:\Users\POLIMI\Documents\GitHub\ing-sw-2023-paganini-tommasi-russo-porfiri\target\classes;C:\Users\POLIMI\.m2\repository\org\openjfx\javafx-controls\20\javafx-controls-20-win.jar;C:\Users\POLIMI\.m2\repository\org\openjfx\javafx-fxml\20\javafx-fxml-20-win.jar;C:\Users\POLIMI\.m2\repository\org\openjfx\javafx-graphics\20\javafx-graphics-20-win.jar;C:\Users\POLIMI\.m2\repository\org\openjfx\javafx-base\20\javafx-base-20-win.jar;C:\Users\POLIMI\.m2\repository\org\openjfx\javafx-web\20\javafx-web-20-win.jar;C:\Users\POLIMI\.m2\repository\org\openjfx\javafx-media\20\javafx-media-20-win.jar;C:\Users\POLIMI\.m2\repository\org\controlsfx\controlsfx\11.1.2\controlsfx-11.1.2.jar;C:\Users\POLIMI\.m2\repository\com\dlsc\formsfx\formsfx-core\11.6.0\formsfx-core-11.6.0.jar;C:\Users\POLIMI\.m2\repository\net\synedra\validatorfx\0.4.0\validatorfx-0.4.0.jar;C:\Users\POLIMI\.m2\repository\org\kordamp\ikonli\ikonli-javafx\12.3.1\ikonli-javafx-12.3.1.jar;C:\Users\POLIMI\.m2\repository\org\kordamp\ikonli\ikonli-core\12.3.1\ikonli-core-12.3.1.jar;C:\Users\POLIMI\.m2\repository\org\kordamp\bootstrapfx\bootstrapfx-core\0.4.0\bootstrapfx-core-0.4.0.jar;C:\Users\POLIMI\.m2\repository\com\github\almasb\fxgl\17.2\fxgl-17.2.jar;C:\Users\POLIMI\.m2\repository\com\github\almasb\fxgl-core\17.2\fxgl-core-17.2.jar;C:\Users\POLIMI\.m2\repository\com\gluonhq\attach\audio\4.0.13\audio-4.0.13.jar;C:\Users\POLIMI\.m2\repository\com\github\almasb\fxgl-io\17.2\fxgl-io-17.2.jar;C:\Users\POLIMI\.m2\repository\com\gluonhq\attach\storage\4.0.13\storage-4.0.13.jar;C:\Users\POLIMI\.m2\repository\com\gluonhq\attach\util\4.0.13\util-4.0.13.jar;C:\Users\POLIMI\.m2\repository\com\github\almasb\fxgl-entity\17.2\fxgl-entity-17.2.jar;C:\Users\POLIMI\.m2\repository\com\github\almasb\fxgl-scene\17.2\fxgl-scene-17.2.jar;C:\Users\POLIMI\.m2\repository\com\github\almasb\fxgl-gameplay\17.2\fxgl-gameplay-17.2.jar;C:\Users\POLIMI\.m2\repository\com\fasterxml\jackson\core\jackson-annotations\2.12.1\jackson-annotations-2.12.1.jar;C:\Users\POLIMI\.m2\repository\com\fasterxml\jackson\core\jackson-databind\2.12.1\jackson-databind-2.12.1.jar;C:\Users\POLIMI\.m2\repository\com\fasterxml\jackson\core\jackson-core\2.12.1\jackson-core-2.12.1.jar;C:\Users\POLIMI\.m2\repository\com\gluonhq\attach\lifecycle\4.0.13\lifecycle-4.0.13.jar;C:\Users\POLIMI\.m2\repository\org\jetbrains\kotlin\kotlin-stdlib\1.6.0\kotlin-stdlib-1.6.0-modular.jar;C:\Users\POLIMI\.m2\repository\com\google\code\gson\gson\2.10.1\gson-2.10.1.jar;C:\Users\POLIMI\.m2\repository\junit\junit\4.13.2\junit-4.13.2.jar"/>
    <property name="java.version.date" value="2023-04-18"/>
    <property name="java.home" value="C:\Program Files\Java\jdk-20"/>
    <property name="file.separator" value="\"/>
    <property name="basedir" value="C:\Users\POLIMI\Documents\GitHub\ing-sw-2023-paganini-tommasi-russo-porfiri"/>
    <property name="java.vm.compressedOopsMode" value="Zero based"/>
    <property name="line.separator" value="&#10;"/>
    <property name="java.vm.specification.vendor" value="Oracle Corporation"/>
    <property name="java.specification.name" value="Java Platform API Specification"/>
    <property name="surefire.real.class.path" value="C:\Users\POLIMI\.m2\repository\org\apache\maven\surefire\surefire-api\3.1.2\surefire-api-3.1.2.jar;C:\Users\POLIMI\.m2\repository\org\apache\maven\surefire\surefire-booter\3.1.2\surefire-booter-3.1.2.jar;C:\Users\POLIMI\.m2\repository\org\apache\maven\surefire\surefire-extensions-spi\3.1.2\surefire-extensions-spi-3.1.2.jar;C:\Users\POLIMI\.m2\repository\org\apache\maven\surefire\surefire-logger-api\3.1.2\surefire-logger-api-3.1.2.jar;C:\Users\POLIMI\.m2\repository\org\apache\maven\surefire\surefire-shared-utils\3.1.2\surefire-shared-utils-3.1.2.jar;C:\Users\POLIMI\Documents\GitHub\ing-sw-2023-paganini-tommasi-russo-porfiri\target\test-classes;C:\Users\POLIMI\.m2\repository\org\openjfx\javafx-controls\20\javafx-controls-20.jar;C:\Users\POLIMI\.m2\repository\org\openjfx\javafx-graphics\20\javafx-graphics-20.jar;C:\Users\POLIMI\.m2\repository\org\openjfx\javafx-fxml\20\javafx-fxml-20.jar;C:\Users\POLIMI\.m2\repository\org\openjfx\javafx-base\20\javafx-base-20.jar;C:\Users\POLIMI\.m2\repository\org\openjfx\javafx-web\20\javafx-web-20.jar;C:\Users\POLIMI\.m2\repository\org\openjfx\javafx-media\20\javafx-media-20.jar;C:\Users\POLIMI\.m2\repository\org\jetbrains\annotations\13.0\annotations-13.0.jar;C:\Users\POLIMI\.m2\repository\org\jetbrains\kotlin\kotlin-stdlib-common\1.6.0\kotlin-stdlib-common-1.6.0.jar;C:\Users\POLIMI\.m2\repository\org\json\json\20230227\json-20230227.jar;C:\Users\POLIMI\.m2\repository\org\junit\jupiter\junit-jupiter-api\5.9.3\junit-jupiter-api-5.9.3.jar;C:\Users\POLIMI\.m2\repository\org\opentest4j\opentest4j\1.2.0\opentest4j-1.2.0.jar;C:\Users\POLIMI\.m2\repository\org\junit\platform\junit-platform-commons\1.9.3\junit-platform-commons-1.9.3.jar;C:\Users\POLIMI\.m2\repository\org\apiguardian\apiguardian-api\1.1.2\apiguardian-api-1.1.2.jar;C:\Users\POLIMI\.m2\repository\org\junit\jupiter\junit-jupiter-engine\5.9.2\junit-jupiter-engine-5.9.2.jar;C:\Users\POLIMI\.m2\repository\org\junit\platform\junit-platform-engine\1.9.2\junit-platform-engine-1.9.2.jar;C:\Users\POLIMI\.m2\repository\org\hamcrest\hamcrest-core\1.3\hamcrest-core-1.3.jar;C:\Users\POLIMI\.m2\repository\org\apache\maven\surefire\surefire-junit-platform\3.1.2\surefire-junit-platform-3.1.2.jar;C:\Users\POLIMI\.m2\repository\org\apache\maven\surefire\common-java5\3.1.2\common-java5-3.1.2.jar;C:\Users\POLIMI\.m2\repository\org\junit\platform\junit-platform-launcher\1.9.3\junit-platform-launcher-1.9.3.jar"/>
    <property name="user.script" value=""/>
    <property name="sun.management.compiler" value="HotSpot 64-Bit Tiered Compilers"/>
    <property name="java.runtime.version" value="20.0.1+9-29"/>
    <property name="user.name" value="POLIMI"/>
    <property name="stdout.encoding" value="Cp1252"/>
    <property name="path.separator" value=";"/>
    <property name="os.version" value="10.0"/>
    <property name="java.runtime.name" value="Java(TM) SE Runtime Environment"/>
    <property name="file.encoding" value="UTF-8"/>
    <property name="java.vm.name" value="Java HotSpot(TM) 64-Bit Server VM"/>
    <property name="localRepository" value="C:\Users\POLIMI\.m2\repository"/>
    <property name="java.vendor.url.bug" value="https://bugreport.java.com/bugreport/"/>
    <property name="java.io.tmpdir" value="C:\Users\POLIMI\AppData\Local\Temp\"/>
    <property name="java.version" value="20.0.1"/>
    <property name="user.dir" value="C:\Users\POLIMI\Documents\GitHub\ing-sw-2023-paganini-tommasi-russo-porfiri"/>
    <property name="os.arch" value="amd64"/>
    <property name="java.vm.specification.name" value="Java Virtual Machine Specification"/>
    <property name="sun.os.patch.level" value=""/>
    <property name="native.encoding" value="Cp1252"/>
    <property name="java.library.path" value="C:\Program Files\Java\jdk-20\bin;C:\Windows\Sun\Java\bin;C:\Windows\system32;C:\Windows;C:\Program Files\Git\mingw64\bin;C:\Program Files\Git\usr\bin;C:\Users\POLIMI\bin;C:\Program Files\Common Files\Oracle\Java\javapath;C:\Program Files (x86)\Common Files\Oracle\Java\javapath;C:\Windows\system32;C:\Windows;C:\Windows\System32\Wbem;C:\Windows\System32\WindowsPowerShell\v1.0;C:\Windows\System32\OpenSSH;C:\Program Files\dotnet;C:\Program Files (x86)\Windows Live\Shared;C:\Program Files\Git\cmd;C:\Users\POLIMI\AppData\Local\Microsoft\WindowsApps;C:\Users\POLIMI\AppData\Local\Programs\Microsoft VS Code\bin;C:\Program Files\JetBrains\IntelliJ IDEA 2022.3.2\bin;C:\Users\POLIMI\AppData\Local\GitHubDesktop\bin;C:\ProgramData\POLIMI\GitHubDesktop\bin;C:\Program Files\JetBrains\IntelliJ IDEA Community Edition 2023.1\bin;C:\Users\POLIMI\AppData\Local\gitkraken\bin;D:\EXE e ISO\EXE\0 EXE Studio\Ing SW\apache-maven-3.9.3-bin\apache-maven-3.9.3\bin;."/>
    <property name="java.vm.info" value="mixed mode"/>
    <property name="stderr.encoding" value="Cp1252"/>
    <property name="java.vendor" value="Oracle Corporation"/>
    <property name="java.vm.version" value="20.0.1+9-29"/>
    <property name="sun.io.unicode.encoding" value="UnicodeLittle"/>
    <property name="java.class.version" value="64.0"/>
  </properties>
  <testcase name="testExecuteAlgorithmLeftSecond" classname="org.test.CommonCardDiagonalTest" time="0.031"/>
  <testcase name="testExecuteAlgorithmDiagonalLeftFirst" classname="org.test.CommonCardDiagonalTest" time="0.006"/>
  <testcase name="testExecuteAlgorithmDiagonalRightFirst" classname="org.test.CommonCardDiagonalTest" time="0.001"/>
  <testcase name="testExecuteAlgorithmDiagonalRightSecond" classname="org.test.CommonCardDiagonalTest" time="0.0"/>
  <testcase name="testExecuteAlgorithmDiagonalLeftFalseFirst" classname="org.test.CommonCardDiagonalTest" time="0.0"/>
</testsuite>