<?xml version="1.0" encoding="UTF-8"?>
<testsuite xmlns:xsi="http://www.w3.org/2001/XMLSchema-instance" xsi:noNamespaceSchemaLocation="https://maven.apache.org/surefire/maven-surefire-plugin/xsd/surefire-test-report-3.0.xsd" version="3.0" name="org.test.BoardTest" time="0.051" tests="20" errors="0" skipped="0" failures="0">
  <properties>
    <property name="java.specification.version" value="20"/>
    <property name="sun.jnu.encoding" value="UTF-8"/>
    <property name="java.class.path" value="/Volumes/backup/OnedrivePolimi/pr/ing-sw-2023-paganini-tommasi-russo-porfiri/target/test-classes:/Users/none/.m2/repository/org/openjfx/javafx-controls/20/javafx-controls-20.jar:/Users/none/.m2/repository/org/openjfx/javafx-graphics/20/javafx-graphics-20.jar:/Users/none/.m2/repository/org/openjfx/javafx-fxml/20/javafx-fxml-20.jar:/Users/none/.m2/repository/org/openjfx/javafx-base/20/javafx-base-20.jar:/Users/none/.m2/repository/org/openjfx/javafx-web/20/javafx-web-20.jar:/Users/none/.m2/repository/org/openjfx/javafx-media/20/javafx-media-20.jar:/Users/none/.m2/repository/org/jetbrains/annotations/13.0/annotations-13.0.jar:/Users/none/.m2/repository/org/jetbrains/kotlin/kotlin-stdlib-common/1.6.0/kotlin-stdlib-common-1.6.0.jar:/Users/none/.m2/repository/org/json/json/20230227/json-20230227.jar:/Users/none/.m2/repository/org/junit/jupiter/junit-jupiter-api/5.9.3/junit-jupiter-api-5.9.3.jar:/Users/none/.m2/repository/org/opentest4j/opentest4j/1.2.0/opentest4j-1.2.0.jar:/Users/none/.m2/repository/org/junit/platform/junit-platform-commons/1.9.3/junit-platform-commons-1.9.3.jar:/Users/none/.m2/repository/org/apiguardian/apiguardian-api/1.1.2/apiguardian-api-1.1.2.jar:/Users/none/.m2/repository/org/junit/jupiter/junit-jupiter-engine/5.9.2/junit-jupiter-engine-5.9.2.jar:/Users/none/.m2/repository/org/junit/platform/junit-platform-engine/1.9.2/junit-platform-engine-1.9.2.jar:/Users/none/.m2/repository/junit/junit/4.13.2/junit-4.13.2.jar:/Users/none/.m2/repository/org/hamcrest/hamcrest-core/1.3/hamcrest-core-1.3.jar:"/>
    <property name="sun.awt.enableExtraMouseButtons" value="true"/>
    <property name="java.vm.vendor" value="Homebrew"/>
    <property name="sun.arch.data.model" value="64"/>
    <property name="java.vendor.url" value="https://github.com/Homebrew/homebrew-core/issues"/>
    <property name="user.timezone" value="Europe/Rome"/>
    <property name="os.name" value="Mac OS X"/>
    <property name="java.vm.specification.version" value="20"/>
    <property name="sun.java.launcher" value="SUN_STANDARD"/>
    <property name="user.country" value="IT"/>
    <property name="sun.boot.library.path" value="/usr/local/Cellar/openjdk/20.0.1/libexec/openjdk.jdk/Contents/Home/lib"/>
    <property name="sun.java.command" value="org.apache.maven.surefire.booter.ForkedBooter /Volumes/backup/OnedrivePolimi/pr/ing-sw-2023-paganini-tommasi-russo-porfiri/target/surefire 2023-07-02T19-58-15_711-jvmRun1 surefire-20230702195816017_1tmp surefire_0-20230702195816017_2tmp"/>
    <property name="http.nonProxyHosts" value="local|*.local|169.254/16|*.169.254/16"/>
    <property name="jdk.debug" value="release"/>
    <property name="surefire.test.class.path" value="/Volumes/backup/OnedrivePolimi/pr/ing-sw-2023-paganini-tommasi-russo-porfiri/target/test-classes:/Users/none/.m2/repository/org/openjfx/javafx-controls/20/javafx-controls-20.jar:/Users/none/.m2/repository/org/openjfx/javafx-graphics/20/javafx-graphics-20.jar:/Users/none/.m2/repository/org/openjfx/javafx-fxml/20/javafx-fxml-20.jar:/Users/none/.m2/repository/org/openjfx/javafx-base/20/javafx-base-20.jar:/Users/none/.m2/repository/org/openjfx/javafx-web/20/javafx-web-20.jar:/Users/none/.m2/repository/org/openjfx/javafx-media/20/javafx-media-20.jar:/Users/none/.m2/repository/org/jetbrains/annotations/13.0/annotations-13.0.jar:/Users/none/.m2/repository/org/jetbrains/kotlin/kotlin-stdlib-common/1.6.0/kotlin-stdlib-common-1.6.0.jar:/Users/none/.m2/repository/org/json/json/20230227/json-20230227.jar:/Users/none/.m2/repository/org/junit/jupiter/junit-jupiter-api/5.9.3/junit-jupiter-api-5.9.3.jar:/Users/none/.m2/repository/org/opentest4j/opentest4j/1.2.0/opentest4j-1.2.0.jar:/Users/none/.m2/repository/org/junit/platform/junit-platform-commons/1.9.3/junit-platform-commons-1.9.3.jar:/Users/none/.m2/repository/org/apiguardian/apiguardian-api/1.1.2/apiguardian-api-1.1.2.jar:/Users/none/.m2/repository/org/junit/jupiter/junit-jupiter-engine/5.9.2/junit-jupiter-engine-5.9.2.jar:/Users/none/.m2/repository/org/junit/platform/junit-platform-engine/1.9.2/junit-platform-engine-1.9.2.jar:/Users/none/.m2/repository/junit/junit/4.13.2/junit-4.13.2.jar:/Users/none/.m2/repository/org/hamcrest/hamcrest-core/1.3/hamcrest-core-1.3.jar:"/>
    <property name="sun.cpu.endian" value="little"/>
    <property name="user.home" value="/Users/none"/>
    <property name="user.language" value="it"/>
    <property name="java.specification.vendor" value="Oracle Corporation"/>
    <property name="jdk.module.path" value="/Volumes/backup/OnedrivePolimi/pr/ing-sw-2023-paganini-tommasi-russo-porfiri/target/classes:/Users/none/.m2/repository/org/openjfx/javafx-controls/20/javafx-controls-20-mac.jar:/Users/none/.m2/repository/org/openjfx/javafx-fxml/20/javafx-fxml-20-mac.jar:/Users/none/.m2/repository/org/openjfx/javafx-graphics/20/javafx-graphics-20-win.jar:/Users/none/.m2/repository/org/openjfx/javafx-base/20/javafx-base-20-mac.jar:/Users/none/.m2/repository/org/openjfx/javafx-web/20/javafx-web-20-mac.jar:/Users/none/.m2/repository/org/openjfx/javafx-media/20/javafx-media-20-mac.jar:/Users/none/.m2/repository/org/controlsfx/controlsfx/11.1.2/controlsfx-11.1.2.jar:/Users/none/.m2/repository/com/dlsc/formsfx/formsfx-core/11.6.0/formsfx-core-11.6.0.jar:/Users/none/.m2/repository/net/synedra/validatorfx/0.4.0/validatorfx-0.4.0.jar:/Users/none/.m2/repository/org/kordamp/ikonli/ikonli-javafx/12.3.1/ikonli-javafx-12.3.1.jar:/Users/none/.m2/repository/org/kordamp/ikonli/ikonli-core/12.3.1/ikonli-core-12.3.1.jar:/Users/none/.m2/repository/org/kordamp/bootstrapfx/bootstrapfx-core/0.4.0/bootstrapfx-core-0.4.0.jar:/Users/none/.m2/repository/com/github/almasb/fxgl/17.2/fxgl-17.2.jar:/Users/none/.m2/repository/com/github/almasb/fxgl-core/17.2/fxgl-core-17.2.jar:/Users/none/.m2/repository/com/gluonhq/attach/audio/4.0.13/audio-4.0.13.jar:/Users/none/.m2/repository/com/github/almasb/fxgl-io/17.2/fxgl-io-17.2.jar:/Users/none/.m2/repository/com/gluonhq/attach/storage/4.0.13/storage-4.0.13.jar:/Users/none/.m2/repository/com/gluonhq/attach/util/4.0.13/util-4.0.13.jar:/Users/none/.m2/repository/com/github/almasb/fxgl-entity/17.2/fxgl-entity-17.2.jar:/Users/none/.m2/repository/com/github/almasb/fxgl-scene/17.2/fxgl-scene-17.2.jar:/Users/none/.m2/repository/com/github/almasb/fxgl-gameplay/17.2/fxgl-gameplay-17.2.jar:/Users/none/.m2/repository/com/fasterxml/jackson/core/jackson-annotations/2.12.1/jackson-annotations-2.12.1.jar:/Users/none/.m2/repository/com/fasterxml/jackson/core/jackson-databind/2.12.1/jackson-databind-2.12.1.jar:/Users/none/.m2/repository/com/fasterxml/jackson/core/jackson-core/2.12.1/jackson-core-2.12.1.jar:/Users/none/.m2/repository/com/gluonhq/attach/lifecycle/4.0.13/lifecycle-4.0.13.jar:/Users/none/.m2/repository/org/jetbrains/kotlin/kotlin-stdlib/1.6.0/kotlin-stdlib-1.6.0-modular.jar:/Users/none/.m2/repository/com/google/code/gson/gson/2.10.1/gson-2.10.1.jar"/>
    <property name="java.version.date" value="2023-04-18"/>
    <property name="java.home" value="/usr/local/Cellar/openjdk/20.0.1/libexec/openjdk.jdk/Contents/Home"/>
    <property name="file.separator" value="/"/>
    <property name="basedir" value="/Volumes/backup/OnedrivePolimi/pr/ing-sw-2023-paganini-tommasi-russo-porfiri"/>
    <property name="java.vm.compressedOopsMode" value="Zero based"/>
    <property name="line.separator" value="&#10;"/>
    <property name="java.vm.specification.vendor" value="Oracle Corporation"/>
    <property name="java.specification.name" value="Java Platform API Specification"/>
    <property name="apple.awt.application.name" value="ForkedBooter"/>
    <property name="surefire.real.class.path" value="/Users/none/.m2/repository/org/apache/maven/surefire/surefire-api/3.1.2/surefire-api-3.1.2.jar:/Users/none/.m2/repository/org/apache/maven/surefire/surefire-booter/3.1.2/surefire-booter-3.1.2.jar:/Users/none/.m2/repository/org/apache/maven/surefire/surefire-extensions-spi/3.1.2/surefire-extensions-spi-3.1.2.jar:/Users/none/.m2/repository/org/apache/maven/surefire/surefire-logger-api/3.1.2/surefire-logger-api-3.1.2.jar:/Users/none/.m2/repository/org/apache/maven/surefire/surefire-shared-utils/3.1.2/surefire-shared-utils-3.1.2.jar:/Volumes/backup/OnedrivePolimi/pr/ing-sw-2023-paganini-tommasi-russo-porfiri/target/test-classes:/Users/none/.m2/repository/org/openjfx/javafx-controls/20/javafx-controls-20.jar:/Users/none/.m2/repository/org/openjfx/javafx-graphics/20/javafx-graphics-20.jar:/Users/none/.m2/repository/org/openjfx/javafx-fxml/20/javafx-fxml-20.jar:/Users/none/.m2/repository/org/openjfx/javafx-base/20/javafx-base-20.jar:/Users/none/.m2/repository/org/openjfx/javafx-web/20/javafx-web-20.jar:/Users/none/.m2/repository/org/openjfx/javafx-media/20/javafx-media-20.jar:/Users/none/.m2/repository/org/jetbrains/annotations/13.0/annotations-13.0.jar:/Users/none/.m2/repository/org/jetbrains/kotlin/kotlin-stdlib-common/1.6.0/kotlin-stdlib-common-1.6.0.jar:/Users/none/.m2/repository/org/json/json/20230227/json-20230227.jar:/Users/none/.m2/repository/org/junit/jupiter/junit-jupiter-api/5.9.3/junit-jupiter-api-5.9.3.jar:/Users/none/.m2/repository/org/opentest4j/opentest4j/1.2.0/opentest4j-1.2.0.jar:/Users/none/.m2/repository/org/junit/platform/junit-platform-commons/1.9.3/junit-platform-commons-1.9.3.jar:/Users/none/.m2/repository/org/apiguardian/apiguardian-api/1.1.2/apiguardian-api-1.1.2.jar:/Users/none/.m2/repository/org/junit/jupiter/junit-jupiter-engine/5.9.2/junit-jupiter-engine-5.9.2.jar:/Users/none/.m2/repository/org/junit/platform/junit-platform-engine/1.9.2/junit-platform-engine-1.9.2.jar:/Users/none/.m2/repository/junit/junit/4.13.2/junit-4.13.2.jar:/Users/none/.m2/repository/org/hamcrest/hamcrest-core/1.3/hamcrest-core-1.3.jar:/Users/none/.m2/repository/org/apache/maven/surefire/surefire-junit-platform/3.1.2/surefire-junit-platform-3.1.2.jar:/Users/none/.m2/repository/org/apache/maven/surefire/common-java5/3.1.2/common-java5-3.1.2.jar:/Users/none/.m2/repository/org/junit/platform/junit-platform-launcher/1.9.3/junit-platform-launcher-1.9.3.jar"/>
    <property name="sun.management.compiler" value="HotSpot 64-Bit Tiered Compilers"/>
    <property name="ftp.nonProxyHosts" value="local|*.local|169.254/16|*.169.254/16"/>
    <property name="java.runtime.version" value="20.0.1"/>
    <property name="user.name" value="none"/>
    <property name="stdout.encoding" value="UTF-8"/>
    <property name="path.separator" value=":"/>
    <property name="os.version" value="12.3.1"/>
    <property name="java.runtime.name" value="OpenJDK Runtime Environment"/>
    <property name="file.encoding" value="UTF-8"/>
    <property name="java.vm.name" value="OpenJDK 64-Bit Server VM"/>
    <property name="java.vendor.version" value="Homebrew"/>
    <property name="localRepository" value="/Users/none/.m2/repository"/>
    <property name="java.vendor.url.bug" value="https://github.com/Homebrew/homebrew-core/issues"/>
    <property name="java.io.tmpdir" value="/var/folders/3k/hjj947jx6f33gz_zpf4h17vc0000gn/T/"/>
    <property name="java.version" value="20.0.1"/>
    <property name="user.dir" value="/Volumes/backup/OnedrivePolimi/pr/ing-sw-2023-paganini-tommasi-russo-porfiri"/>
    <property name="os.arch" value="x86_64"/>
    <property name="java.vm.specification.name" value="Java Virtual Machine Specification"/>
    <property name="native.encoding" value="UTF-8"/>
    <property name="java.library.path" value="/Users/none/Library/Java/Extensions:/Library/Java/Extensions:/Network/Library/Java/Extensions:/System/Library/Java/Extensions:/usr/lib/java:."/>
    <property name="java.vm.info" value="mixed mode"/>
    <property name="stderr.encoding" value="UTF-8"/>
    <property name="java.vendor" value="Homebrew"/>
    <property name="java.vm.version" value="20.0.1"/>
    <property name="sun.io.unicode.encoding" value="UnicodeBig"/>
    <property name="socksNonProxyHosts" value="local|*.local|169.254/16|*.169.254/16"/>
    <property name="java.class.version" value="64.0"/>
  </properties>
  <testcase name="testEmptyConstructor" classname="org.test.BoardTest" time="0.003"/>
  <testcase name="testRestoreBoard" classname="org.test.BoardTest" time="0.001"/>
  <testcase name="testBoardNeedsRestore" classname="org.test.BoardTest" time="0.001"/>
  <testcase name="testTilesAreInSameColumn" classname="org.test.BoardTest" time="0.001"/>
  <testcase name="testShowBoard" classname="org.test.BoardTest" time="0.002"/>
  <testcase name="testRemoveTiles" classname="org.test.BoardTest" time="0.004"/>
  <testcase name="testBoardIsEmpty" classname="org.test.BoardTest" time="0.001"/>
  <testcase name="testConstructorWithPlacementsAndBag" classname="org.test.BoardTest" time="0.001"/>
  <testcase name="testInitializeBoard" classname="org.test.BoardTest" time="0.001"/>
  <testcase name="testAddTiles" classname="org.test.BoardTest" time="0.001"/>
  <testcase name="testTileIsRemovable" classname="org.test.BoardTest" time="0.002"/>
  <testcase name="testArePositionsDifferentFromEachOther" classname="org.test.BoardTest" time="0.001"/>
  <testcase name="testIsABoardPosition" classname="org.test.BoardTest" time="0.001"/>
  <testcase name="testGetPlacements" classname="org.test.BoardTest" time="0.001"/>
  <testcase name="testGetBag" classname="org.test.BoardTest" time="0.0"/>
  <testcase name="testPrintTilePositionBoard" classname="org.test.BoardTest" time="0.005"/>
  <testcase name="testAddTilesWithRemovedTiles" classname="org.test.BoardTest" time="0.001"/>
  <testcase name="testTilesAreInSameLine" classname="org.test.BoardTest" time="0.001"/>
  <testcase name="testConstructorCopyExternalBoard" classname="org.test.BoardTest" time="0.008"/>
  <testcase name="testSetPlacements" classname="org.test.BoardTest" time="0.001"/>
</testsuite>